<?xml version="1.0" encoding="UTF-8"?>
<!-- Generated by org.testng.reporters.JUnitReportReporter -->
<testsuite skipped="0" hostname="Divyas-MacBook-Pro.local" name="UsermenuTest" tests="2" failures="0" timestamp="2019-12-07T00:50:46 PST" time="8.069" errors="0">
  <testcase name="TC02_LogintoSFDC" time="3.273" classname="UsermenuTest"/>
  <testcase name="usermenu" time="4.796" classname="UsermenuTest"/>
</testsuite> <!-- UsermenuTest -->
