<?xml version="1.0" encoding="UTF-8"?>
<!-- Generated by org.testng.reporters.JUnitReportReporter -->
<testsuite hostname="Divyas-MacBook-Pro.local" name="UsermenuTest" tests="2" failures="0" timestamp="7 Dec 2019 08:38:12 GMT" time="6.735" errors="0">
  <testcase name="usermenu" time="3.237" classname="UsermenuTest"/>
  <testcase name="TC02_LogintoSFDC" time="3.498" classname="UsermenuTest"/>
</testsuite> <!-- UsermenuTest -->
